<?xml version="1.0" encoding="utf-8"?><testsuites name="pytest tests"><testsuite name="pytest" errors="0" failures="0" skipped="0" tests="10" time="4.121" timestamp="2026-07-01T14:19:32.333079+00:00" hostname="agent-env-ff0c2464-5690-4fe6-a24a-319ac54dbba1"><testcase classname="tests.test_iteration6" name="test_auth_admin_me" time="0.247" /><testcase classname="tests.test_iteration6" name="test_auth_free_me" time="0.145" /><testcase classname="tests.test_iteration6" name="test_auth_studio_me" time="0.172" /><testcase classname="tests.test_iteration6" name="test_admin_create_coupon_with_description_general" time="0.274" /><testcase classname="tests.test_iteration6" name="test_admin_create_coupon_new_users_only" time="0.142" /><testcase classname="tests.test_iteration6" name="test_coupons_active_free_user_sees_general_and_new_users_only" time="0.113" /><testcase classname="tests.test_iteration6" name="test_coupons_active_studio_user_excludes_new_users_only" time="0.108" /><testcase classname="tests.test_iteration6" name="test_coupons_active_expired_excluded" time="0.337" /><testcase classname="tests.test_iteration6" name="test_coupons_active_requires_auth" time="0.108" /><testcase classname="tests.test_iteration6" name="test_presence_returns_email" time="0.917" /></testsuite></testsuites>