<?xml version="1.0" encoding="utf-8"?><testsuites name="pytest tests"><testsuite name="pytest" errors="0" failures="0" skipped="0" tests="8" time="8.984" timestamp="2026-07-01T13:01:04.692006+00:00" hostname="agent-env-ff0c2464-5690-4fe6-a24a-319ac54dbba1"><testcase classname="tests.test_iteration3_features" name="test_content_public_no_auth" time="0.568" /><testcase classname="tests.test_iteration3_features" name="test_admin_content_update_and_reflect" time="0.632" /><testcase classname="tests.test_iteration3_features" name="test_create_review_local" time="0.406" /><testcase classname="tests.test_iteration3_features" name="test_create_review_gdrive_400" time="0.215" /><testcase classname="tests.test_iteration3_features" name="test_create_review_youtube_and_vimeo" time="1.529" /><testcase classname="tests.test_iteration3_features" name="test_heartbeat_and_presence" time="0.812" /><testcase classname="tests.test_iteration3_features" name="test_settings_profile_studio_persists_brand" time="0.270" /><testcase classname="tests.test_iteration3_features" name="test_settings_profile_free_does_not_persist_brand" time="0.332" /></testsuite></testsuites>