<?xml version="1.0" encoding="utf-8"?><testsuites name="pytest tests"><testsuite name="pytest" errors="0" failures="2" skipped="0" tests="16" time="8.472" timestamp="2026-07-01T13:38:00.560122+00:00" hostname="agent-env-ff0c2464-5690-4fe6-a24a-319ac54dbba1"><testcase classname="tests.test_iteration4_billing" name="test_billing_plans_shape" time="0.505" /><testcase classname="tests.test_iteration4_billing" name="test_plans_config_requires_auth" time="0.157" /><testcase classname="tests.test_iteration4_billing" name="test_plans_config_no_auth_401" time="0.150" /><testcase classname="tests.test_iteration4_billing" name="test_admin_plan_config_forbidden_for_non_admin" time="0.118" /><testcase classname="tests.test_iteration4_billing" name="test_admin_set_offer_studio_and_effective_price" time="0.325" /><testcase classname="tests.test_iteration4_billing" name="test_max_reviews_enforcement_free" time="0.924" /><testcase classname="tests.test_iteration4_billing" name="test_local_broadcast_forbidden_free" time="0.159"><failure message="AssertionError: {&quot;id&quot;:&quot;rev_a9074b230f05&quot;,&quot;owner_id&quot;:&quot;user_it4_free_1782913082552_a209&quot;,&quot;owner_name&quot;:&quot;free it4 user&quot;,&quot;title&quot;:&quot;TEST_it4_free_local&quot;,&quot;video_url&quot;:&quot;local://Clip&quot;,&quot;video_type&quot;:&quot;local&quot;,&quot;video_id&quot;:&quot;local_99bb90b1&quot;,&quot;allow_download&quot;:false,&quot;share_token&quot;:&quot;sh_b30853feca644f&quot;,&quot;view_count&quot;:0,&quot;stars&quot;:0,&quot;created_at&quot;:&quot;2026-07-01T13:38:04.375164+00:00&quot;}&#10;assert 200 == 403&#10; +  where 200 = &lt;Response [200]&gt;.status_code">backend/tests/test_iteration4_billing.py:170: in test_local_broadcast_forbidden_free
    assert r.status_code == 403, r.text
E   AssertionError: {"id":"rev_a9074b230f05","owner_id":"user_it4_free_1782913082552_a209","owner_name":"free it4 user","title":"TEST_it4_free_local","video_url":"local://Clip","video_type":"local","video_id":"local_99bb90b1","allow_download":false,"share_token":"sh_b30853feca644f","view_count":0,"stars":0,"created_at":"2026-07-01T13:38:04.375164+00:00"}
E   assert 200 == 403
E    +  where 200 = &lt;Response [200]&gt;.status_code</failure></testcase><testcase classname="tests.test_iteration4_billing" name="test_local_broadcast_allowed_creator" time="0.213" /><testcase classname="tests.test_iteration4_billing" name="test_white_label_persists_for_studio" time="0.122" /><testcase classname="tests.test_iteration4_billing" name="test_white_label_ignored_for_free" time="0.083" /><testcase classname="tests.test_iteration4_billing" name="test_auth_me_includes_limits" time="0.134"><failure message="AssertionError: assert 10 == -1&#10; +  where 10 = &lt;built-in method get of dict object at 0x7ccba9df9e80&gt;('max_reviews')&#10; +    where &lt;built-in method get of dict object at 0x7ccba9df9e80&gt; = {'max_reviews': 10, 'max_reviewers': 10, 'ads_on_export': False, 'white_label': False, ...}.get">backend/tests/test_iteration4_billing.py:212: in test_auth_me_includes_limits
    assert body["limits"].get("max_reviews") == -1
E   AssertionError: assert 10 == -1
E    +  where 10 = &lt;built-in method get of dict object at 0x7ccba9df9e80&gt;('max_reviews')
E    +    where &lt;built-in method get of dict object at 0x7ccba9df9e80&gt; = {'max_reviews': 10, 'max_reviewers': 10, 'ads_on_export': False, 'white_label': False, ...}.get</failure></testcase><testcase classname="tests.test_iteration4_billing" name="test_coupon_create_list_delete" time="0.874" /><testcase classname="tests.test_iteration4_billing" name="test_coupon_admin_only" time="0.373" /><testcase classname="tests.test_iteration4_billing" name="test_coupon_single_use" time="1.022" /><testcase classname="tests.test_iteration4_billing" name="test_offer_and_coupon_stack" time="0.780" /><testcase classname="tests.test_iteration4_billing" name="test_disabled_plan_flag_reflects" time="0.408" /></testsuite></testsuites>