<?xml version="1.0" encoding="utf-8"?><testsuites name="pytest tests"><testsuite name="pytest" errors="0" failures="0" skipped="0" tests="6" time="4.840" timestamp="2026-07-01T12:07:23.133766+00:00" hostname="agent-env-ff0c2464-5690-4fe6-a24a-319ac54dbba1"><testcase classname="tests.test_fork_features" name="test_root_returns_worxpher" time="0.376" /><testcase classname="tests.test_fork_features" name="test_auth_me_admin_flag_true" time="0.135" /><testcase classname="tests.test_fork_features" name="test_auth_me_admin_flag_false_for_regular" time="0.157" /><testcase classname="tests.test_fork_features" name="test_billing_cancel_sets_flag" time="0.203" /><testcase classname="tests.test_fork_features" name="test_shared_requires_auth_and_returns_review" time="0.711" /><testcase classname="tests.test_fork_features" name="test_admin_reset_wipes_target_user" time="0.796" /></testsuite></testsuites>